03-May-2024 21:50:16.955 INFO [main] org.apache.catalina.startup.VersionLoggerListener.log Server version name:   Apache Tomcat/9.0.86
03-May-2024 21:50:16.965 INFO [main] org.apache.catalina.startup.VersionLoggerListener.log Server built:          Feb 14 2024 08:15:12 UTC
03-May-2024 21:50:16.967 INFO [main] org.apache.catalina.startup.VersionLoggerListener.log Server version number: 9.0.86.0
03-May-2024 21:50:16.967 INFO [main] org.apache.catalina.startup.VersionLoggerListener.log OS Name:               Windows 11
03-May-2024 21:50:16.968 INFO [main] org.apache.catalina.startup.VersionLoggerListener.log OS Version:            10.0
03-May-2024 21:50:16.968 INFO [main] org.apache.catalina.startup.VersionLoggerListener.log Architecture:          amd64
03-May-2024 21:50:16.969 INFO [main] org.apache.catalina.startup.VersionLoggerListener.log Java Home:             C:\Program Files\Java\jdk-19
03-May-2024 21:50:16.970 INFO [main] org.apache.catalina.startup.VersionLoggerListener.log JVM Version:           19.0.1+10-21
03-May-2024 21:50:16.970 INFO [main] org.apache.catalina.startup.VersionLoggerListener.log JVM Vendor:            Oracle Corporation
03-May-2024 21:50:16.971 INFO [main] org.apache.catalina.startup.VersionLoggerListener.log CATALINA_BASE:         C:\Users\kylef\OneDrive\Desktop\apache-tomcat-9.0.86
03-May-2024 21:50:16.972 INFO [main] org.apache.catalina.startup.VersionLoggerListener.log CATALINA_HOME:         C:\Users\kylef\OneDrive\Desktop\apache-tomcat-9.0.86
03-May-2024 21:50:17.004 INFO [main] org.apache.catalina.startup.VersionLoggerListener.log Command line argument: --add-opens=java.base/java.lang=ALL-UNNAMED
03-May-2024 21:50:17.004 INFO [main] org.apache.catalina.startup.VersionLoggerListener.log Command line argument: --add-opens=java.base/java.io=ALL-UNNAMED
03-May-2024 21:50:17.004 INFO [main] org.apache.catalina.startup.VersionLoggerListener.log Command line argument: --add-opens=java.base/java.util=ALL-UNNAMED
03-May-2024 21:50:17.005 INFO [main] org.apache.catalina.startup.VersionLoggerListener.log Command line argument: --add-opens=java.base/java.util.concurrent=ALL-UNNAMED
03-May-2024 21:50:17.006 INFO [main] org.apache.catalina.startup.VersionLoggerListener.log Command line argument: --add-opens=java.rmi/sun.rmi.transport=ALL-UNNAMED
03-May-2024 21:50:17.006 INFO [main] org.apache.catalina.startup.VersionLoggerListener.log Command line argument: -Djava.util.logging.config.file=C:\Users\kylef\OneDrive\Desktop\apache-tomcat-9.0.86\conf\logging.properties
03-May-2024 21:50:17.006 INFO [main] org.apache.catalina.startup.VersionLoggerListener.log Command line argument: -Djava.util.logging.manager=org.apache.juli.ClassLoaderLogManager
03-May-2024 21:50:17.007 INFO [main] org.apache.catalina.startup.VersionLoggerListener.log Command line argument: -Djdk.tls.ephemeralDHKeySize=2048
03-May-2024 21:50:17.007 INFO [main] org.apache.catalina.startup.VersionLoggerListener.log Command line argument: -Djava.protocol.handler.pkgs=org.apache.catalina.webresources
03-May-2024 21:50:17.008 INFO [main] org.apache.catalina.startup.VersionLoggerListener.log Command line argument: -Dignore.endorsed.dirs=
03-May-2024 21:50:17.009 INFO [main] org.apache.catalina.startup.VersionLoggerListener.log Command line argument: -Dcatalina.base=C:\Users\kylef\OneDrive\Desktop\apache-tomcat-9.0.86
03-May-2024 21:50:17.009 INFO [main] org.apache.catalina.startup.VersionLoggerListener.log Command line argument: -Dcatalina.home=C:\Users\kylef\OneDrive\Desktop\apache-tomcat-9.0.86
03-May-2024 21:50:17.010 INFO [main] org.apache.catalina.startup.VersionLoggerListener.log Command line argument: -Djava.io.tmpdir=C:\Users\kylef\OneDrive\Desktop\apache-tomcat-9.0.86\temp
03-May-2024 21:50:17.021 INFO [main] org.apache.catalina.core.AprLifecycleListener.lifecycleEvent The Apache Tomcat Native library which allows using OpenSSL was not found on the java.library.path: [C:\Program Files\Java\jdk-19\bin;C:\Windows\Sun\Java\bin;C:\Windows\system32;C:\Windows;C:\Users\kylef\AppData\Local\Programs\Python\Python311\Scripts\;C:\Users\kylef\AppData\Local\Programs\Python\Python311\;C:\Program Files\Common Files\Oracle\Java\javapath;C:\Windows\system32;C:\Windows;C:\Windows\System32\Wbem;C:\Windows\System32\WindowsPowerShell\v1.0\;C:\Windows\System32\OpenSSH\;C:\Program Files (x86)\Microsoft SQL Server\160\Tools\Binn\;C:\Program Files\Microsoft SQL Server\160\Tools\Binn\;C:\Program Files\Microsoft SQL Server\Client SDK\ODBC\170\Tools\Binn\;C:\Program Files\Microsoft SQL Server\160\DTS\Binn\;C:\Program Files (x86)\Microsoft SQL Server\160\DTS\Binn\;C:\Program Files\Azure Data Studio\bin;C:\Program Files\nodejs\;C:\ProgramData\chocolatey\bin;C:\Program Files\Git\cmd;C:\Users\kylef\AppData\Local\Microsoft\WindowsApps;;C:\Program Files\Azure Data Studio\bin;C:\Users\kylef\AppData\Local\Programs\Microsoft VS Code\bin;C:\Users\kylef\AppData\Roaming\npm;.]
03-May-2024 21:50:17.658 INFO [main] org.apache.coyote.AbstractProtocol.init Initializing ProtocolHandler ["http-nio-8080"]
03-May-2024 21:50:17.710 INFO [main] org.apache.catalina.startup.Catalina.load Server initialization in [1193] milliseconds
03-May-2024 21:50:17.800 INFO [main] org.apache.catalina.core.StandardService.startInternal Starting service [Catalina]
03-May-2024 21:50:17.801 INFO [main] org.apache.catalina.core.StandardEngine.startInternal Starting Servlet engine: [Apache Tomcat/9.0.86]
03-May-2024 21:50:17.819 INFO [main] org.apache.catalina.startup.HostConfig.deployDirectory Deploying web application directory [C:\Users\kylef\OneDrive\Desktop\apache-tomcat-9.0.86\webapps\docs]
03-May-2024 21:50:18.399 INFO [main] org.apache.catalina.startup.HostConfig.deployDirectory Deployment of web application directory [C:\Users\kylef\OneDrive\Desktop\apache-tomcat-9.0.86\webapps\docs] has finished in [579] ms
03-May-2024 21:50:18.400 INFO [main] org.apache.catalina.startup.HostConfig.deployDirectory Deploying web application directory [C:\Users\kylef\OneDrive\Desktop\apache-tomcat-9.0.86\webapps\examples]
03-May-2024 21:50:19.394 INFO [main] org.apache.catalina.startup.HostConfig.deployDirectory Deployment of web application directory [C:\Users\kylef\OneDrive\Desktop\apache-tomcat-9.0.86\webapps\examples] has finished in [994] ms
03-May-2024 21:50:19.395 INFO [main] org.apache.catalina.startup.HostConfig.deployDirectory Deploying web application directory [C:\Users\kylef\OneDrive\Desktop\apache-tomcat-9.0.86\webapps\host-manager]
03-May-2024 21:50:19.463 INFO [main] org.apache.catalina.startup.HostConfig.deployDirectory Deployment of web application directory [C:\Users\kylef\OneDrive\Desktop\apache-tomcat-9.0.86\webapps\host-manager] has finished in [68] ms
03-May-2024 21:50:19.463 INFO [main] org.apache.catalina.startup.HostConfig.deployDirectory Deploying web application directory [C:\Users\kylef\OneDrive\Desktop\apache-tomcat-9.0.86\webapps\manager]
03-May-2024 21:50:19.530 INFO [main] org.apache.catalina.startup.HostConfig.deployDirectory Deployment of web application directory [C:\Users\kylef\OneDrive\Desktop\apache-tomcat-9.0.86\webapps\manager] has finished in [67] ms
03-May-2024 21:50:19.531 INFO [main] org.apache.catalina.startup.HostConfig.deployDirectory Deploying web application directory [C:\Users\kylef\OneDrive\Desktop\apache-tomcat-9.0.86\webapps\ROOT]
03-May-2024 21:50:19.575 INFO [main] org.apache.catalina.startup.HostConfig.deployDirectory Deployment of web application directory [C:\Users\kylef\OneDrive\Desktop\apache-tomcat-9.0.86\webapps\ROOT] has finished in [44] ms
03-May-2024 21:50:19.576 INFO [main] org.apache.catalina.startup.HostConfig.deployDirectory Deploying web application directory [C:\Users\kylef\OneDrive\Desktop\apache-tomcat-9.0.86\webapps\web]
03-May-2024 21:50:19.627 INFO [main] org.apache.catalina.startup.HostConfig.deployDirectory Deployment of web application directory [C:\Users\kylef\OneDrive\Desktop\apache-tomcat-9.0.86\webapps\web] has finished in [51] ms
03-May-2024 21:50:19.635 INFO [main] org.apache.coyote.AbstractProtocol.start Starting ProtocolHandler ["http-nio-8080"]
03-May-2024 21:50:19.712 INFO [main] org.apache.catalina.startup.Catalina.start Server startup in [1999] milliseconds
03-May-2024 22:08:32.141 INFO [main] org.apache.catalina.core.StandardServer.await A valid shutdown command was received via the shutdown port. Stopping the Server instance.
03-May-2024 22:08:32.152 INFO [main] org.apache.coyote.AbstractProtocol.pause Pausing ProtocolHandler ["http-nio-8080"]
03-May-2024 22:08:32.197 INFO [main] org.apache.catalina.core.StandardService.stopInternal Stopping service [Catalina]
03-May-2024 22:08:32.336 INFO [main] org.apache.coyote.AbstractProtocol.stop Stopping ProtocolHandler ["http-nio-8080"]
03-May-2024 22:08:32.358 INFO [main] org.apache.coyote.AbstractProtocol.destroy Destroying ProtocolHandler ["http-nio-8080"]
03-May-2024 22:08:48.713 INFO [main] org.apache.catalina.startup.VersionLoggerListener.log Server version name:   Apache Tomcat/9.0.86
03-May-2024 22:08:48.722 INFO [main] org.apache.catalina.startup.VersionLoggerListener.log Server built:          Feb 14 2024 08:15:12 UTC
03-May-2024 22:08:48.723 INFO [main] org.apache.catalina.startup.VersionLoggerListener.log Server version number: 9.0.86.0
03-May-2024 22:08:48.723 INFO [main] org.apache.catalina.startup.VersionLoggerListener.log OS Name:               Windows 11
03-May-2024 22:08:48.724 INFO [main] org.apache.catalina.startup.VersionLoggerListener.log OS Version:            10.0
03-May-2024 22:08:48.724 INFO [main] org.apache.catalina.startup.VersionLoggerListener.log Architecture:          amd64
03-May-2024 22:08:48.724 INFO [main] org.apache.catalina.startup.VersionLoggerListener.log Java Home:             C:\Program Files\Java\jdk-19
03-May-2024 22:08:48.725 INFO [main] org.apache.catalina.startup.VersionLoggerListener.log JVM Version:           19.0.1+10-21
03-May-2024 22:08:48.725 INFO [main] org.apache.catalina.startup.VersionLoggerListener.log JVM Vendor:            Oracle Corporation
03-May-2024 22:08:48.725 INFO [main] org.apache.catalina.startup.VersionLoggerListener.log CATALINA_BASE:         C:\Users\kylef\OneDrive\Desktop\apache-tomcat-9.0.86
03-May-2024 22:08:48.727 INFO [main] org.apache.catalina.startup.VersionLoggerListener.log CATALINA_HOME:         C:\Users\kylef\OneDrive\Desktop\apache-tomcat-9.0.86
03-May-2024 22:08:48.759 INFO [main] org.apache.catalina.startup.VersionLoggerListener.log Command line argument: --add-opens=java.base/java.lang=ALL-UNNAMED
03-May-2024 22:08:48.760 INFO [main] org.apache.catalina.startup.VersionLoggerListener.log Command line argument: --add-opens=java.base/java.io=ALL-UNNAMED
03-May-2024 22:08:48.760 INFO [main] org.apache.catalina.startup.VersionLoggerListener.log Command line argument: --add-opens=java.base/java.util=ALL-UNNAMED
03-May-2024 22:08:48.761 INFO [main] org.apache.catalina.startup.VersionLoggerListener.log Command line argument: --add-opens=java.base/java.util.concurrent=ALL-UNNAMED
03-May-2024 22:08:48.761 INFO [main] org.apache.catalina.startup.VersionLoggerListener.log Command line argument: --add-opens=java.rmi/sun.rmi.transport=ALL-UNNAMED
03-May-2024 22:08:48.762 INFO [main] org.apache.catalina.startup.VersionLoggerListener.log Command line argument: -Djava.util.logging.config.file=C:\Users\kylef\OneDrive\Desktop\apache-tomcat-9.0.86\conf\logging.properties
03-May-2024 22:08:48.762 INFO [main] org.apache.catalina.startup.VersionLoggerListener.log Command line argument: -Djava.util.logging.manager=org.apache.juli.ClassLoaderLogManager
03-May-2024 22:08:48.762 INFO [main] org.apache.catalina.startup.VersionLoggerListener.log Command line argument: -Djdk.tls.ephemeralDHKeySize=2048
03-May-2024 22:08:48.763 INFO [main] org.apache.catalina.startup.VersionLoggerListener.log Command line argument: -Djava.protocol.handler.pkgs=org.apache.catalina.webresources
03-May-2024 22:08:48.763 INFO [main] org.apache.catalina.startup.VersionLoggerListener.log Command line argument: -Dignore.endorsed.dirs=
03-May-2024 22:08:48.763 INFO [main] org.apache.catalina.startup.VersionLoggerListener.log Command line argument: -Dcatalina.base=C:\Users\kylef\OneDrive\Desktop\apache-tomcat-9.0.86
03-May-2024 22:08:48.764 INFO [main] org.apache.catalina.startup.VersionLoggerListener.log Command line argument: -Dcatalina.home=C:\Users\kylef\OneDrive\Desktop\apache-tomcat-9.0.86
03-May-2024 22:08:48.764 INFO [main] org.apache.catalina.startup.VersionLoggerListener.log Command line argument: -Djava.io.tmpdir=C:\Users\kylef\OneDrive\Desktop\apache-tomcat-9.0.86\temp
03-May-2024 22:08:48.779 INFO [main] org.apache.catalina.core.AprLifecycleListener.lifecycleEvent The Apache Tomcat Native library which allows using OpenSSL was not found on the java.library.path: [C:\Program Files\Java\jdk-19\bin;C:\Windows\Sun\Java\bin;C:\Windows\system32;C:\Windows;C:\Users\kylef\AppData\Local\Programs\Python\Python311\Scripts\;C:\Users\kylef\AppData\Local\Programs\Python\Python311\;C:\Program Files\Common Files\Oracle\Java\javapath;C:\Windows\system32;C:\Windows;C:\Windows\System32\Wbem;C:\Windows\System32\WindowsPowerShell\v1.0\;C:\Windows\System32\OpenSSH\;C:\Program Files (x86)\Microsoft SQL Server\160\Tools\Binn\;C:\Program Files\Microsoft SQL Server\160\Tools\Binn\;C:\Program Files\Microsoft SQL Server\Client SDK\ODBC\170\Tools\Binn\;C:\Program Files\Microsoft SQL Server\160\DTS\Binn\;C:\Program Files (x86)\Microsoft SQL Server\160\DTS\Binn\;C:\Program Files\Azure Data Studio\bin;C:\Program Files\nodejs\;C:\ProgramData\chocolatey\bin;C:\Program Files\Git\cmd;C:\Users\kylef\AppData\Local\Microsoft\WindowsApps;;C:\Program Files\Azure Data Studio\bin;C:\Users\kylef\AppData\Local\Programs\Microsoft VS Code\bin;C:\Users\kylef\AppData\Roaming\npm;.]
03-May-2024 22:08:49.456 INFO [main] org.apache.coyote.AbstractProtocol.init Initializing ProtocolHandler ["http-nio-8080"]
03-May-2024 22:08:49.505 INFO [main] org.apache.catalina.startup.Catalina.load Server initialization in [1158] milliseconds
03-May-2024 22:08:49.599 INFO [main] org.apache.catalina.core.StandardService.startInternal Starting service [Catalina]
03-May-2024 22:08:49.599 INFO [main] org.apache.catalina.core.StandardEngine.startInternal Starting Servlet engine: [Apache Tomcat/9.0.86]
03-May-2024 22:08:49.623 INFO [main] org.apache.catalina.startup.HostConfig.deployDirectory Deploying web application directory [C:\Users\kylef\OneDrive\Desktop\apache-tomcat-9.0.86\webapps\docs]
03-May-2024 22:08:50.214 INFO [main] org.apache.catalina.startup.HostConfig.deployDirectory Deployment of web application directory [C:\Users\kylef\OneDrive\Desktop\apache-tomcat-9.0.86\webapps\docs] has finished in [590] ms
03-May-2024 22:08:50.215 INFO [main] org.apache.catalina.startup.HostConfig.deployDirectory Deploying web application directory [C:\Users\kylef\OneDrive\Desktop\apache-tomcat-9.0.86\webapps\examples]
03-May-2024 22:08:51.266 INFO [main] org.apache.catalina.startup.HostConfig.deployDirectory Deployment of web application directory [C:\Users\kylef\OneDrive\Desktop\apache-tomcat-9.0.86\webapps\examples] has finished in [1,051] ms
03-May-2024 22:08:51.267 INFO [main] org.apache.catalina.startup.HostConfig.deployDirectory Deploying web application directory [C:\Users\kylef\OneDrive\Desktop\apache-tomcat-9.0.86\webapps\host-manager]
03-May-2024 22:08:51.337 INFO [main] org.apache.catalina.startup.HostConfig.deployDirectory Deployment of web application directory [C:\Users\kylef\OneDrive\Desktop\apache-tomcat-9.0.86\webapps\host-manager] has finished in [69] ms
03-May-2024 22:08:51.338 INFO [main] org.apache.catalina.startup.HostConfig.deployDirectory Deploying web application directory [C:\Users\kylef\OneDrive\Desktop\apache-tomcat-9.0.86\webapps\manager]
03-May-2024 22:08:51.417 INFO [main] org.apache.catalina.startup.HostConfig.deployDirectory Deployment of web application directory [C:\Users\kylef\OneDrive\Desktop\apache-tomcat-9.0.86\webapps\manager] has finished in [79] ms
03-May-2024 22:08:51.418 INFO [main] org.apache.catalina.startup.HostConfig.deployDirectory Deploying web application directory [C:\Users\kylef\OneDrive\Desktop\apache-tomcat-9.0.86\webapps\ROOT]
03-May-2024 22:08:51.468 INFO [main] org.apache.catalina.startup.HostConfig.deployDirectory Deployment of web application directory [C:\Users\kylef\OneDrive\Desktop\apache-tomcat-9.0.86\webapps\ROOT] has finished in [50] ms
03-May-2024 22:08:51.469 INFO [main] org.apache.catalina.startup.HostConfig.deployDirectory Deploying web application directory [C:\Users\kylef\OneDrive\Desktop\apache-tomcat-9.0.86\webapps\web]
03-May-2024 22:08:51.521 INFO [main] org.apache.catalina.startup.HostConfig.deployDirectory Deployment of web application directory [C:\Users\kylef\OneDrive\Desktop\apache-tomcat-9.0.86\webapps\web] has finished in [52] ms
03-May-2024 22:08:51.530 INFO [main] org.apache.coyote.AbstractProtocol.start Starting ProtocolHandler ["http-nio-8080"]
03-May-2024 22:08:51.604 INFO [main] org.apache.catalina.startup.Catalina.start Server startup in [2095] milliseconds
03-May-2024 22:28:04.484 INFO [main] org.apache.catalina.core.StandardServer.await A valid shutdown command was received via the shutdown port. Stopping the Server instance.
03-May-2024 22:28:04.499 INFO [main] org.apache.coyote.AbstractProtocol.pause Pausing ProtocolHandler ["http-nio-8080"]
03-May-2024 22:28:04.531 INFO [main] org.apache.catalina.core.StandardService.stopInternal Stopping service [Catalina]
03-May-2024 22:28:04.654 INFO [main] org.apache.coyote.AbstractProtocol.stop Stopping ProtocolHandler ["http-nio-8080"]
03-May-2024 22:28:04.665 INFO [main] org.apache.coyote.AbstractProtocol.destroy Destroying ProtocolHandler ["http-nio-8080"]
03-May-2024 22:28:12.835 INFO [main] org.apache.catalina.startup.VersionLoggerListener.log Server version name:   Apache Tomcat/9.0.86
03-May-2024 22:28:12.842 INFO [main] org.apache.catalina.startup.VersionLoggerListener.log Server built:          Feb 14 2024 08:15:12 UTC
03-May-2024 22:28:12.843 INFO [main] org.apache.catalina.startup.VersionLoggerListener.log Server version number: 9.0.86.0
03-May-2024 22:28:12.843 INFO [main] org.apache.catalina.startup.VersionLoggerListener.log OS Name:               Windows 11
03-May-2024 22:28:12.844 INFO [main] org.apache.catalina.startup.VersionLoggerListener.log OS Version:            10.0
03-May-2024 22:28:12.844 INFO [main] org.apache.catalina.startup.VersionLoggerListener.log Architecture:          amd64
03-May-2024 22:28:12.844 INFO [main] org.apache.catalina.startup.VersionLoggerListener.log Java Home:             C:\Program Files\Java\jdk-19
03-May-2024 22:28:12.844 INFO [main] org.apache.catalina.startup.VersionLoggerListener.log JVM Version:           19.0.1+10-21
03-May-2024 22:28:12.846 INFO [main] org.apache.catalina.startup.VersionLoggerListener.log JVM Vendor:            Oracle Corporation
03-May-2024 22:28:12.846 INFO [main] org.apache.catalina.startup.VersionLoggerListener.log CATALINA_BASE:         C:\Users\kylef\OneDrive\Desktop\apache-tomcat-9.0.86
03-May-2024 22:28:12.847 INFO [main] org.apache.catalina.startup.VersionLoggerListener.log CATALINA_HOME:         C:\Users\kylef\OneDrive\Desktop\apache-tomcat-9.0.86
03-May-2024 22:28:12.868 INFO [main] org.apache.catalina.startup.VersionLoggerListener.log Command line argument: --add-opens=java.base/java.lang=ALL-UNNAMED
03-May-2024 22:28:12.868 INFO [main] org.apache.catalina.startup.VersionLoggerListener.log Command line argument: --add-opens=java.base/java.io=ALL-UNNAMED
03-May-2024 22:28:12.868 INFO [main] org.apache.catalina.startup.VersionLoggerListener.log Command line argument: --add-opens=java.base/java.util=ALL-UNNAMED
03-May-2024 22:28:12.868 INFO [main] org.apache.catalina.startup.VersionLoggerListener.log Command line argument: --add-opens=java.base/java.util.concurrent=ALL-UNNAMED
03-May-2024 22:28:12.869 INFO [main] org.apache.catalina.startup.VersionLoggerListener.log Command line argument: --add-opens=java.rmi/sun.rmi.transport=ALL-UNNAMED
03-May-2024 22:28:12.869 INFO [main] org.apache.catalina.startup.VersionLoggerListener.log Command line argument: -Djava.util.logging.config.file=C:\Users\kylef\OneDrive\Desktop\apache-tomcat-9.0.86\conf\logging.properties
03-May-2024 22:28:12.869 INFO [main] org.apache.catalina.startup.VersionLoggerListener.log Command line argument: -Djava.util.logging.manager=org.apache.juli.ClassLoaderLogManager
03-May-2024 22:28:12.869 INFO [main] org.apache.catalina.startup.VersionLoggerListener.log Command line argument: -Djdk.tls.ephemeralDHKeySize=2048
03-May-2024 22:28:12.869 INFO [main] org.apache.catalina.startup.VersionLoggerListener.log Command line argument: -Djava.protocol.handler.pkgs=org.apache.catalina.webresources
03-May-2024 22:28:12.869 INFO [main] org.apache.catalina.startup.VersionLoggerListener.log Command line argument: -Dignore.endorsed.dirs=
03-May-2024 22:28:12.870 INFO [main] org.apache.catalina.startup.VersionLoggerListener.log Command line argument: -Dcatalina.base=C:\Users\kylef\OneDrive\Desktop\apache-tomcat-9.0.86
03-May-2024 22:28:12.870 INFO [main] org.apache.catalina.startup.VersionLoggerListener.log Command line argument: -Dcatalina.home=C:\Users\kylef\OneDrive\Desktop\apache-tomcat-9.0.86
03-May-2024 22:28:12.870 INFO [main] org.apache.catalina.startup.VersionLoggerListener.log Command line argument: -Djava.io.tmpdir=C:\Users\kylef\OneDrive\Desktop\apache-tomcat-9.0.86\temp
03-May-2024 22:28:12.881 INFO [main] org.apache.catalina.core.AprLifecycleListener.lifecycleEvent The Apache Tomcat Native library which allows using OpenSSL was not found on the java.library.path: [C:\Program Files\Java\jdk-19\bin;C:\Windows\Sun\Java\bin;C:\Windows\system32;C:\Windows;C:\Users\kylef\AppData\Local\Programs\Python\Python311\Scripts\;C:\Users\kylef\AppData\Local\Programs\Python\Python311\;C:\Program Files\Common Files\Oracle\Java\javapath;C:\Windows\system32;C:\Windows;C:\Windows\System32\Wbem;C:\Windows\System32\WindowsPowerShell\v1.0\;C:\Windows\System32\OpenSSH\;C:\Program Files (x86)\Microsoft SQL Server\160\Tools\Binn\;C:\Program Files\Microsoft SQL Server\160\Tools\Binn\;C:\Program Files\Microsoft SQL Server\Client SDK\ODBC\170\Tools\Binn\;C:\Program Files\Microsoft SQL Server\160\DTS\Binn\;C:\Program Files (x86)\Microsoft SQL Server\160\DTS\Binn\;C:\Program Files\Azure Data Studio\bin;C:\Program Files\nodejs\;C:\ProgramData\chocolatey\bin;C:\Program Files\Git\cmd;C:\Users\kylef\AppData\Local\Microsoft\WindowsApps;;C:\Program Files\Azure Data Studio\bin;C:\Users\kylef\AppData\Local\Programs\Microsoft VS Code\bin;C:\Users\kylef\AppData\Roaming\npm;.]
03-May-2024 22:28:13.295 INFO [main] org.apache.coyote.AbstractProtocol.init Initializing ProtocolHandler ["http-nio-8080"]
03-May-2024 22:28:13.328 INFO [main] org.apache.catalina.startup.Catalina.load Server initialization in [760] milliseconds
03-May-2024 22:28:13.403 INFO [main] org.apache.catalina.core.StandardService.startInternal Starting service [Catalina]
03-May-2024 22:28:13.403 INFO [main] org.apache.catalina.core.StandardEngine.startInternal Starting Servlet engine: [Apache Tomcat/9.0.86]
03-May-2024 22:28:13.418 INFO [main] org.apache.catalina.startup.HostConfig.deployDirectory Deploying web application directory [C:\Users\kylef\OneDrive\Desktop\apache-tomcat-9.0.86\webapps\docs]
03-May-2024 22:28:13.836 INFO [main] org.apache.catalina.startup.HostConfig.deployDirectory Deployment of web application directory [C:\Users\kylef\OneDrive\Desktop\apache-tomcat-9.0.86\webapps\docs] has finished in [418] ms
03-May-2024 22:28:13.836 INFO [main] org.apache.catalina.startup.HostConfig.deployDirectory Deploying web application directory [C:\Users\kylef\OneDrive\Desktop\apache-tomcat-9.0.86\webapps\examples]
03-May-2024 22:28:14.527 INFO [main] org.apache.catalina.startup.HostConfig.deployDirectory Deployment of web application directory [C:\Users\kylef\OneDrive\Desktop\apache-tomcat-9.0.86\webapps\examples] has finished in [691] ms
03-May-2024 22:28:14.527 INFO [main] org.apache.catalina.startup.HostConfig.deployDirectory Deploying web application directory [C:\Users\kylef\OneDrive\Desktop\apache-tomcat-9.0.86\webapps\host-manager]
03-May-2024 22:28:14.575 INFO [main] org.apache.catalina.startup.HostConfig.deployDirectory Deployment of web application directory [C:\Users\kylef\OneDrive\Desktop\apache-tomcat-9.0.86\webapps\host-manager] has finished in [48] ms
03-May-2024 22:28:14.576 INFO [main] org.apache.catalina.startup.HostConfig.deployDirectory Deploying web application directory [C:\Users\kylef\OneDrive\Desktop\apache-tomcat-9.0.86\webapps\manager]
03-May-2024 22:28:14.623 INFO [main] org.apache.catalina.startup.HostConfig.deployDirectory Deployment of web application directory [C:\Users\kylef\OneDrive\Desktop\apache-tomcat-9.0.86\webapps\manager] has finished in [46] ms
03-May-2024 22:28:14.623 INFO [main] org.apache.catalina.startup.HostConfig.deployDirectory Deploying web application directory [C:\Users\kylef\OneDrive\Desktop\apache-tomcat-9.0.86\webapps\ROOT]
03-May-2024 22:28:14.655 INFO [main] org.apache.catalina.startup.HostConfig.deployDirectory Deployment of web application directory [C:\Users\kylef\OneDrive\Desktop\apache-tomcat-9.0.86\webapps\ROOT] has finished in [32] ms
03-May-2024 22:28:14.656 INFO [main] org.apache.catalina.startup.HostConfig.deployDirectory Deploying web application directory [C:\Users\kylef\OneDrive\Desktop\apache-tomcat-9.0.86\webapps\web]
03-May-2024 22:28:14.696 INFO [main] org.apache.catalina.startup.HostConfig.deployDirectory Deployment of web application directory [C:\Users\kylef\OneDrive\Desktop\apache-tomcat-9.0.86\webapps\web] has finished in [41] ms
03-May-2024 22:28:14.702 INFO [main] org.apache.coyote.AbstractProtocol.start Starting ProtocolHandler ["http-nio-8080"]
03-May-2024 22:28:14.753 INFO [main] org.apache.catalina.startup.Catalina.start Server startup in [1421] milliseconds
03-May-2024 23:00:46.927 INFO [main] org.apache.catalina.core.StandardServer.await A valid shutdown command was received via the shutdown port. Stopping the Server instance.
03-May-2024 23:00:46.952 INFO [main] org.apache.coyote.AbstractProtocol.pause Pausing ProtocolHandler ["http-nio-8080"]
03-May-2024 23:00:47.010 INFO [main] org.apache.catalina.core.StandardService.stopInternal Stopping service [Catalina]
03-May-2024 23:00:47.169 INFO [main] org.apache.coyote.AbstractProtocol.stop Stopping ProtocolHandler ["http-nio-8080"]
03-May-2024 23:00:47.195 INFO [main] org.apache.coyote.AbstractProtocol.destroy Destroying ProtocolHandler ["http-nio-8080"]
03-May-2024 23:00:57.549 INFO [main] org.apache.catalina.startup.VersionLoggerListener.log Server version name:   Apache Tomcat/9.0.86
03-May-2024 23:00:57.557 INFO [main] org.apache.catalina.startup.VersionLoggerListener.log Server built:          Feb 14 2024 08:15:12 UTC
03-May-2024 23:00:57.557 INFO [main] org.apache.catalina.startup.VersionLoggerListener.log Server version number: 9.0.86.0
03-May-2024 23:00:57.557 INFO [main] org.apache.catalina.startup.VersionLoggerListener.log OS Name:               Windows 11
03-May-2024 23:00:57.557 INFO [main] org.apache.catalina.startup.VersionLoggerListener.log OS Version:            10.0
03-May-2024 23:00:57.559 INFO [main] org.apache.catalina.startup.VersionLoggerListener.log Architecture:          amd64
03-May-2024 23:00:57.559 INFO [main] org.apache.catalina.startup.VersionLoggerListener.log Java Home:             C:\Program Files\Java\jdk-19
03-May-2024 23:00:57.559 INFO [main] org.apache.catalina.startup.VersionLoggerListener.log JVM Version:           19.0.1+10-21
03-May-2024 23:00:57.559 INFO [main] org.apache.catalina.startup.VersionLoggerListener.log JVM Vendor:            Oracle Corporation
03-May-2024 23:00:57.559 INFO [main] org.apache.catalina.startup.VersionLoggerListener.log CATALINA_BASE:         C:\Users\kylef\OneDrive\Desktop\apache-tomcat-9.0.86
03-May-2024 23:00:57.559 INFO [main] org.apache.catalina.startup.VersionLoggerListener.log CATALINA_HOME:         C:\Users\kylef\OneDrive\Desktop\apache-tomcat-9.0.86
03-May-2024 23:00:57.584 INFO [main] org.apache.catalina.startup.VersionLoggerListener.log Command line argument: --add-opens=java.base/java.lang=ALL-UNNAMED
03-May-2024 23:00:57.584 INFO [main] org.apache.catalina.startup.VersionLoggerListener.log Command line argument: --add-opens=java.base/java.io=ALL-UNNAMED
03-May-2024 23:00:57.584 INFO [main] org.apache.catalina.startup.VersionLoggerListener.log Command line argument: --add-opens=java.base/java.util=ALL-UNNAMED
03-May-2024 23:00:57.584 INFO [main] org.apache.catalina.startup.VersionLoggerListener.log Command line argument: --add-opens=java.base/java.util.concurrent=ALL-UNNAMED
03-May-2024 23:00:57.585 INFO [main] org.apache.catalina.startup.VersionLoggerListener.log Command line argument: --add-opens=java.rmi/sun.rmi.transport=ALL-UNNAMED
03-May-2024 23:00:57.585 INFO [main] org.apache.catalina.startup.VersionLoggerListener.log Command line argument: -Djava.util.logging.config.file=C:\Users\kylef\OneDrive\Desktop\apache-tomcat-9.0.86\conf\logging.properties
03-May-2024 23:00:57.585 INFO [main] org.apache.catalina.startup.VersionLoggerListener.log Command line argument: -Djava.util.logging.manager=org.apache.juli.ClassLoaderLogManager
03-May-2024 23:00:57.586 INFO [main] org.apache.catalina.startup.VersionLoggerListener.log Command line argument: -Djdk.tls.ephemeralDHKeySize=2048
03-May-2024 23:00:57.586 INFO [main] org.apache.catalina.startup.VersionLoggerListener.log Command line argument: -Djava.protocol.handler.pkgs=org.apache.catalina.webresources
03-May-2024 23:00:57.586 INFO [main] org.apache.catalina.startup.VersionLoggerListener.log Command line argument: -Dignore.endorsed.dirs=
03-May-2024 23:00:57.586 INFO [main] org.apache.catalina.startup.VersionLoggerListener.log Command line argument: -Dcatalina.base=C:\Users\kylef\OneDrive\Desktop\apache-tomcat-9.0.86
03-May-2024 23:00:57.586 INFO [main] org.apache.catalina.startup.VersionLoggerListener.log Command line argument: -Dcatalina.home=C:\Users\kylef\OneDrive\Desktop\apache-tomcat-9.0.86
03-May-2024 23:00:57.587 INFO [main] org.apache.catalina.startup.VersionLoggerListener.log Command line argument: -Djava.io.tmpdir=C:\Users\kylef\OneDrive\Desktop\apache-tomcat-9.0.86\temp
03-May-2024 23:00:57.595 INFO [main] org.apache.catalina.core.AprLifecycleListener.lifecycleEvent The Apache Tomcat Native library which allows using OpenSSL was not found on the java.library.path: [C:\Program Files\Java\jdk-19\bin;C:\Windows\Sun\Java\bin;C:\Windows\system32;C:\Windows;C:\Users\kylef\AppData\Local\Programs\Python\Python311\Scripts\;C:\Users\kylef\AppData\Local\Programs\Python\Python311\;C:\Program Files\Common Files\Oracle\Java\javapath;C:\Windows\system32;C:\Windows;C:\Windows\System32\Wbem;C:\Windows\System32\WindowsPowerShell\v1.0\;C:\Windows\System32\OpenSSH\;C:\Program Files (x86)\Microsoft SQL Server\160\Tools\Binn\;C:\Program Files\Microsoft SQL Server\160\Tools\Binn\;C:\Program Files\Microsoft SQL Server\Client SDK\ODBC\170\Tools\Binn\;C:\Program Files\Microsoft SQL Server\160\DTS\Binn\;C:\Program Files (x86)\Microsoft SQL Server\160\DTS\Binn\;C:\Program Files\Azure Data Studio\bin;C:\Program Files\nodejs\;C:\ProgramData\chocolatey\bin;C:\Program Files\Git\cmd;C:\Users\kylef\AppData\Local\Microsoft\WindowsApps;;C:\Program Files\Azure Data Studio\bin;C:\Users\kylef\AppData\Local\Programs\Microsoft VS Code\bin;C:\Users\kylef\AppData\Roaming\npm;.]
03-May-2024 23:00:58.071 INFO [main] org.apache.coyote.AbstractProtocol.init Initializing ProtocolHandler ["http-nio-8080"]
03-May-2024 23:00:58.104 INFO [main] org.apache.catalina.startup.Catalina.load Server initialization in [799] milliseconds
03-May-2024 23:00:58.176 INFO [main] org.apache.catalina.core.StandardService.startInternal Starting service [Catalina]
03-May-2024 23:00:58.176 INFO [main] org.apache.catalina.core.StandardEngine.startInternal Starting Servlet engine: [Apache Tomcat/9.0.86]
03-May-2024 23:00:58.191 INFO [main] org.apache.catalina.startup.HostConfig.deployDirectory Deploying web application directory [C:\Users\kylef\OneDrive\Desktop\apache-tomcat-9.0.86\webapps\docs]
03-May-2024 23:00:58.642 INFO [main] org.apache.catalina.startup.HostConfig.deployDirectory Deployment of web application directory [C:\Users\kylef\OneDrive\Desktop\apache-tomcat-9.0.86\webapps\docs] has finished in [450] ms
03-May-2024 23:00:58.643 INFO [main] org.apache.catalina.startup.HostConfig.deployDirectory Deploying web application directory [C:\Users\kylef\OneDrive\Desktop\apache-tomcat-9.0.86\webapps\examples]
03-May-2024 23:00:59.378 INFO [main] org.apache.catalina.startup.HostConfig.deployDirectory Deployment of web application directory [C:\Users\kylef\OneDrive\Desktop\apache-tomcat-9.0.86\webapps\examples] has finished in [735] ms
03-May-2024 23:00:59.379 INFO [main] org.apache.catalina.startup.HostConfig.deployDirectory Deploying web application directory [C:\Users\kylef\OneDrive\Desktop\apache-tomcat-9.0.86\webapps\host-manager]
03-May-2024 23:00:59.432 INFO [main] org.apache.catalina.startup.HostConfig.deployDirectory Deployment of web application directory [C:\Users\kylef\OneDrive\Desktop\apache-tomcat-9.0.86\webapps\host-manager] has finished in [51] ms
03-May-2024 23:00:59.432 INFO [main] org.apache.catalina.startup.HostConfig.deployDirectory Deploying web application directory [C:\Users\kylef\OneDrive\Desktop\apache-tomcat-9.0.86\webapps\manager]
03-May-2024 23:00:59.488 INFO [main] org.apache.catalina.startup.HostConfig.deployDirectory Deployment of web application directory [C:\Users\kylef\OneDrive\Desktop\apache-tomcat-9.0.86\webapps\manager] has finished in [56] ms
03-May-2024 23:00:59.489 INFO [main] org.apache.catalina.startup.HostConfig.deployDirectory Deploying web application directory [C:\Users\kylef\OneDrive\Desktop\apache-tomcat-9.0.86\webapps\ROOT]
03-May-2024 23:00:59.535 INFO [main] org.apache.catalina.startup.HostConfig.deployDirectory Deployment of web application directory [C:\Users\kylef\OneDrive\Desktop\apache-tomcat-9.0.86\webapps\ROOT] has finished in [46] ms
03-May-2024 23:00:59.536 INFO [main] org.apache.catalina.startup.HostConfig.deployDirectory Deploying web application directory [C:\Users\kylef\OneDrive\Desktop\apache-tomcat-9.0.86\webapps\web]
03-May-2024 23:00:59.586 INFO [main] org.apache.catalina.startup.HostConfig.deployDirectory Deployment of web application directory [C:\Users\kylef\OneDrive\Desktop\apache-tomcat-9.0.86\webapps\web] has finished in [49] ms
03-May-2024 23:00:59.593 INFO [main] org.apache.coyote.AbstractProtocol.start Starting ProtocolHandler ["http-nio-8080"]
03-May-2024 23:00:59.648 INFO [main] org.apache.catalina.startup.Catalina.start Server startup in [1541] milliseconds
03-May-2024 23:58:42.979 INFO [main] org.apache.catalina.core.StandardServer.await A valid shutdown command was received via the shutdown port. Stopping the Server instance.
03-May-2024 23:58:42.997 INFO [main] org.apache.coyote.AbstractProtocol.pause Pausing ProtocolHandler ["http-nio-8080"]
03-May-2024 23:58:43.048 INFO [main] org.apache.catalina.core.StandardService.stopInternal Stopping service [Catalina]
03-May-2024 23:58:43.201 INFO [main] org.apache.coyote.AbstractProtocol.stop Stopping ProtocolHandler ["http-nio-8080"]
03-May-2024 23:58:43.226 INFO [main] org.apache.coyote.AbstractProtocol.destroy Destroying ProtocolHandler ["http-nio-8080"]
