18-Apr-2024 19:28:53.560 INFO [main] org.apache.catalina.startup.VersionLoggerListener.log Server version name:   Apache Tomcat/9.0.86
18-Apr-2024 19:28:53.568 INFO [main] org.apache.catalina.startup.VersionLoggerListener.log Server built:          Feb 14 2024 08:15:12 UTC
18-Apr-2024 19:28:53.569 INFO [main] org.apache.catalina.startup.VersionLoggerListener.log Server version number: 9.0.86.0
18-Apr-2024 19:28:53.570 INFO [main] org.apache.catalina.startup.VersionLoggerListener.log OS Name:               Windows 11
18-Apr-2024 19:28:53.570 INFO [main] org.apache.catalina.startup.VersionLoggerListener.log OS Version:            10.0
18-Apr-2024 19:28:53.570 INFO [main] org.apache.catalina.startup.VersionLoggerListener.log Architecture:          amd64
18-Apr-2024 19:28:53.571 INFO [main] org.apache.catalina.startup.VersionLoggerListener.log Java Home:             C:\Program Files\Java\jdk-19
18-Apr-2024 19:28:53.571 INFO [main] org.apache.catalina.startup.VersionLoggerListener.log JVM Version:           19.0.1+10-21
18-Apr-2024 19:28:53.571 INFO [main] org.apache.catalina.startup.VersionLoggerListener.log JVM Vendor:            Oracle Corporation
18-Apr-2024 19:28:53.572 INFO [main] org.apache.catalina.startup.VersionLoggerListener.log CATALINA_BASE:         C:\Users\kylef\OneDrive\Desktop\apache-tomcat-9.0.86
18-Apr-2024 19:28:53.572 INFO [main] org.apache.catalina.startup.VersionLoggerListener.log CATALINA_HOME:         C:\Users\kylef\OneDrive\Desktop\apache-tomcat-9.0.86
18-Apr-2024 19:28:53.604 INFO [main] org.apache.catalina.startup.VersionLoggerListener.log Command line argument: --add-opens=java.base/java.lang=ALL-UNNAMED
18-Apr-2024 19:28:53.605 INFO [main] org.apache.catalina.startup.VersionLoggerListener.log Command line argument: --add-opens=java.base/java.io=ALL-UNNAMED
18-Apr-2024 19:28:53.605 INFO [main] org.apache.catalina.startup.VersionLoggerListener.log Command line argument: --add-opens=java.base/java.util=ALL-UNNAMED
18-Apr-2024 19:28:53.606 INFO [main] org.apache.catalina.startup.VersionLoggerListener.log Command line argument: --add-opens=java.base/java.util.concurrent=ALL-UNNAMED
18-Apr-2024 19:28:53.606 INFO [main] org.apache.catalina.startup.VersionLoggerListener.log Command line argument: --add-opens=java.rmi/sun.rmi.transport=ALL-UNNAMED
18-Apr-2024 19:28:53.607 INFO [main] org.apache.catalina.startup.VersionLoggerListener.log Command line argument: -Djava.util.logging.config.file=C:\Users\kylef\OneDrive\Desktop\apache-tomcat-9.0.86\conf\logging.properties
18-Apr-2024 19:28:53.607 INFO [main] org.apache.catalina.startup.VersionLoggerListener.log Command line argument: -Djava.util.logging.manager=org.apache.juli.ClassLoaderLogManager
18-Apr-2024 19:28:53.607 INFO [main] org.apache.catalina.startup.VersionLoggerListener.log Command line argument: -Djdk.tls.ephemeralDHKeySize=2048
18-Apr-2024 19:28:53.608 INFO [main] org.apache.catalina.startup.VersionLoggerListener.log Command line argument: -Djava.protocol.handler.pkgs=org.apache.catalina.webresources
18-Apr-2024 19:28:53.608 INFO [main] org.apache.catalina.startup.VersionLoggerListener.log Command line argument: -Dignore.endorsed.dirs=
18-Apr-2024 19:28:53.609 INFO [main] org.apache.catalina.startup.VersionLoggerListener.log Command line argument: -Dcatalina.base=C:\Users\kylef\OneDrive\Desktop\apache-tomcat-9.0.86
18-Apr-2024 19:28:53.610 INFO [main] org.apache.catalina.startup.VersionLoggerListener.log Command line argument: -Dcatalina.home=C:\Users\kylef\OneDrive\Desktop\apache-tomcat-9.0.86
18-Apr-2024 19:28:53.610 INFO [main] org.apache.catalina.startup.VersionLoggerListener.log Command line argument: -Djava.io.tmpdir=C:\Users\kylef\OneDrive\Desktop\apache-tomcat-9.0.86\temp
18-Apr-2024 19:28:53.623 INFO [main] org.apache.catalina.core.AprLifecycleListener.lifecycleEvent The Apache Tomcat Native library which allows using OpenSSL was not found on the java.library.path: [C:\Program Files\Java\jdk-19\bin;C:\Windows\Sun\Java\bin;C:\Windows\system32;C:\Windows;C:\Users\kylef\AppData\Local\Programs\Python\Python311\Scripts\;C:\Users\kylef\AppData\Local\Programs\Python\Python311\;C:\Program Files\Common Files\Oracle\Java\javapath;C:\Windows\system32;C:\Windows;C:\Windows\System32\Wbem;C:\Windows\System32\WindowsPowerShell\v1.0\;C:\Windows\System32\OpenSSH\;C:\Program Files (x86)\Microsoft SQL Server\160\Tools\Binn\;C:\Program Files\Microsoft SQL Server\160\Tools\Binn\;C:\Program Files\Microsoft SQL Server\Client SDK\ODBC\170\Tools\Binn\;C:\Program Files\Microsoft SQL Server\160\DTS\Binn\;C:\Program Files (x86)\Microsoft SQL Server\160\DTS\Binn\;C:\Program Files\Azure Data Studio\bin;C:\Program Files\nodejs\;C:\ProgramData\chocolatey\bin;C:\Program Files\Git\cmd;C:\Users\kylef\AppData\Local\Microsoft\WindowsApps;;C:\Program Files\Azure Data Studio\bin;C:\Users\kylef\AppData\Local\Programs\Microsoft VS Code\bin;C:\Users\kylef\AppData\Roaming\npm;.]
18-Apr-2024 19:28:54.285 INFO [main] org.apache.coyote.AbstractProtocol.init Initializing ProtocolHandler ["http-nio-8080"]
18-Apr-2024 19:28:54.338 INFO [main] org.apache.catalina.startup.Catalina.load Server initialization in [1178] milliseconds
18-Apr-2024 19:28:54.423 INFO [main] org.apache.catalina.core.StandardService.startInternal Starting service [Catalina]
18-Apr-2024 19:28:54.424 INFO [main] org.apache.catalina.core.StandardEngine.startInternal Starting Servlet engine: [Apache Tomcat/9.0.86]
18-Apr-2024 19:28:54.446 INFO [main] org.apache.catalina.startup.HostConfig.deployDirectory Deploying web application directory [C:\Users\kylef\OneDrive\Desktop\apache-tomcat-9.0.86\webapps\docs]
18-Apr-2024 19:28:55.014 INFO [main] org.apache.catalina.startup.HostConfig.deployDirectory Deployment of web application directory [C:\Users\kylef\OneDrive\Desktop\apache-tomcat-9.0.86\webapps\docs] has finished in [567] ms
18-Apr-2024 19:28:55.015 INFO [main] org.apache.catalina.startup.HostConfig.deployDirectory Deploying web application directory [C:\Users\kylef\OneDrive\Desktop\apache-tomcat-9.0.86\webapps\examples]
18-Apr-2024 19:28:55.753 INFO [main] org.apache.catalina.startup.HostConfig.deployDirectory Deployment of web application directory [C:\Users\kylef\OneDrive\Desktop\apache-tomcat-9.0.86\webapps\examples] has finished in [737] ms
18-Apr-2024 19:28:55.753 INFO [main] org.apache.catalina.startup.HostConfig.deployDirectory Deploying web application directory [C:\Users\kylef\OneDrive\Desktop\apache-tomcat-9.0.86\webapps\host-manager]
18-Apr-2024 19:28:55.825 INFO [main] org.apache.catalina.startup.HostConfig.deployDirectory Deployment of web application directory [C:\Users\kylef\OneDrive\Desktop\apache-tomcat-9.0.86\webapps\host-manager] has finished in [72] ms
18-Apr-2024 19:28:55.825 INFO [main] org.apache.catalina.startup.HostConfig.deployDirectory Deploying web application directory [C:\Users\kylef\OneDrive\Desktop\apache-tomcat-9.0.86\webapps\manager]
18-Apr-2024 19:28:55.899 INFO [main] org.apache.catalina.startup.HostConfig.deployDirectory Deployment of web application directory [C:\Users\kylef\OneDrive\Desktop\apache-tomcat-9.0.86\webapps\manager] has finished in [74] ms
18-Apr-2024 19:28:55.902 INFO [main] org.apache.catalina.startup.HostConfig.deployDirectory Deploying web application directory [C:\Users\kylef\OneDrive\Desktop\apache-tomcat-9.0.86\webapps\ROOT]
18-Apr-2024 19:28:55.950 INFO [main] org.apache.catalina.startup.HostConfig.deployDirectory Deployment of web application directory [C:\Users\kylef\OneDrive\Desktop\apache-tomcat-9.0.86\webapps\ROOT] has finished in [48] ms
18-Apr-2024 19:28:55.950 INFO [main] org.apache.catalina.startup.HostConfig.deployDirectory Deploying web application directory [C:\Users\kylef\OneDrive\Desktop\apache-tomcat-9.0.86\webapps\web]
18-Apr-2024 19:28:56.008 INFO [main] org.apache.catalina.startup.HostConfig.deployDirectory Deployment of web application directory [C:\Users\kylef\OneDrive\Desktop\apache-tomcat-9.0.86\webapps\web] has finished in [56] ms
18-Apr-2024 19:28:56.017 INFO [main] org.apache.coyote.AbstractProtocol.start Starting ProtocolHandler ["http-nio-8080"]
18-Apr-2024 19:28:56.091 INFO [main] org.apache.catalina.startup.Catalina.start Server startup in [1751] milliseconds
18-Apr-2024 19:30:10.837 INFO [main] org.apache.catalina.core.StandardServer.await A valid shutdown command was received via the shutdown port. Stopping the Server instance.
18-Apr-2024 19:30:10.838 INFO [main] org.apache.coyote.AbstractProtocol.pause Pausing ProtocolHandler ["http-nio-8080"]
18-Apr-2024 19:30:10.852 INFO [main] org.apache.catalina.core.StandardService.stopInternal Stopping service [Catalina]
18-Apr-2024 19:30:10.903 INFO [main] org.apache.coyote.AbstractProtocol.stop Stopping ProtocolHandler ["http-nio-8080"]
18-Apr-2024 19:30:10.915 INFO [main] org.apache.coyote.AbstractProtocol.destroy Destroying ProtocolHandler ["http-nio-8080"]
