03-May-2024 21:50:19.368 INFO [main] org.apache.catalina.core.ApplicationContext.log ContextListener: contextInitialized()
03-May-2024 21:50:19.368 INFO [main] org.apache.catalina.core.ApplicationContext.log SessionListener: contextInitialized()
03-May-2024 21:50:19.373 INFO [main] org.apache.catalina.core.ApplicationContext.log ContextListener: attributeAdded('StockTicker', 'async.Stockticker@4215838f')
03-May-2024 22:08:32.305 INFO [main] org.apache.catalina.core.ApplicationContext.log SessionListener: contextDestroyed()
03-May-2024 22:08:32.306 INFO [main] org.apache.catalina.core.ApplicationContext.log ContextListener: contextDestroyed()
03-May-2024 22:08:51.244 INFO [main] org.apache.catalina.core.ApplicationContext.log ContextListener: contextInitialized()
03-May-2024 22:08:51.244 INFO [main] org.apache.catalina.core.ApplicationContext.log SessionListener: contextInitialized()
03-May-2024 22:08:51.248 INFO [main] org.apache.catalina.core.ApplicationContext.log ContextListener: attributeAdded('StockTicker', 'async.Stockticker@4b85880b')
03-May-2024 22:28:04.627 INFO [main] org.apache.catalina.core.ApplicationContext.log SessionListener: contextDestroyed()
03-May-2024 22:28:04.627 INFO [main] org.apache.catalina.core.ApplicationContext.log ContextListener: contextDestroyed()
03-May-2024 22:28:14.513 INFO [main] org.apache.catalina.core.ApplicationContext.log ContextListener: contextInitialized()
03-May-2024 22:28:14.514 INFO [main] org.apache.catalina.core.ApplicationContext.log SessionListener: contextInitialized()
03-May-2024 22:28:14.515 INFO [main] org.apache.catalina.core.ApplicationContext.log ContextListener: attributeAdded('StockTicker', 'async.Stockticker@1849db1a')
03-May-2024 23:00:47.138 INFO [main] org.apache.catalina.core.ApplicationContext.log SessionListener: contextDestroyed()
03-May-2024 23:00:47.138 INFO [main] org.apache.catalina.core.ApplicationContext.log ContextListener: contextDestroyed()
03-May-2024 23:00:59.362 INFO [main] org.apache.catalina.core.ApplicationContext.log ContextListener: contextInitialized()
03-May-2024 23:00:59.362 INFO [main] org.apache.catalina.core.ApplicationContext.log SessionListener: contextInitialized()
03-May-2024 23:00:59.364 INFO [main] org.apache.catalina.core.ApplicationContext.log ContextListener: attributeAdded('StockTicker', 'async.Stockticker@117e0fe5')
03-May-2024 23:58:43.169 INFO [main] org.apache.catalina.core.ApplicationContext.log SessionListener: contextDestroyed()
03-May-2024 23:58:43.169 INFO [main] org.apache.catalina.core.ApplicationContext.log ContextListener: contextDestroyed()
